<?xml version="1.0" encoding="UTF-8"?>
<testsuite name="Create Registered User Tests" tests="4" skipped="0" failures="0" errors="0" timestamp="2025-12-28T13:18:32" hostname="DESKTOP-DQCRDO1" time="2.166">
  <properties/>
  <testcase name="createRegisteredUser - Email Already Exists" classname="com.example.demo.service.UserServiceImplTest$CreateRegisteredUserTests" time="2.106"/>
  <testcase name="createRegisteredUser - Username Already Exists" classname="com.example.demo.service.UserServiceImplTest$CreateRegisteredUserTests" time="0.012"/>
  <testcase name="createRegisteredUser - Success" classname="com.example.demo.service.UserServiceImplTest$CreateRegisteredUserTests" time="0.029"/>
  <testcase name="createRegisteredUser - Role Not Found" classname="com.example.demo.service.UserServiceImplTest$CreateRegisteredUserTests" time="0.009"/>
  <system-out><![CDATA[]]></system-out>
  <system-err><![CDATA[WARNING: A Java agent has been loaded dynamically (C:\Users\Emanuil Pavlov\.gradle\caches\modules-2\files-2.1\net.bytebuddy\byte-buddy-agent\1.14.19\154da3a65b4f4a909d3e5bdec55d1b2b4cbb6ce1\byte-buddy-agent-1.14.19.jar)
WARNING: If a serviceability tool is in use, please run with -XX:+EnableDynamicAgentLoading to hide this warning
WARNING: If a serviceability tool is not in use, please run with -Djdk.instrument.traceUsage for more information
WARNING: Dynamic loading of agents will be disallowed by default in a future release
]]></system-err>
</testsuite>
